# JRE version: OpenJDK Runtime Environment (21.0.8) (build 21.0.8+-14196175-b1038.72)
# Java VM: OpenJDK 64-Bit Server VM (21.0.8+-14196175-b1038.72, mixed mode, tiered, compressed oops, compressed class ptrs, g1 gc, windows-amd64)
GC Precious Log:
 CardTable entry size: 512
 Card Set container configuration: InlinePtr #cards 5 size 8 Array Of Cards #cards 12 size 40 Howl #buckets 4 coarsen threshold 1843 Howl Bitmap #cards 512 size 80 coarsen threshold 460 Card regions per heap region 1 cards per card region 2048
 CPUs: 16 total, 16 available
 Memory: 16076M
 Large Page Support: Disabled
 NUMA Support: Disabled
 Compressed Oops: Enabled (32-bit)
 Heap Region Size: 1M
 Heap Min Capacity: 8M
 Heap Initial Capacity: 252M
 Heap Max Capacity: 2G
 Pre-touch: Disabled
 Parallel Workers: 13
 Concurrent Workers: 3
 Concurrent Refinement Workers: 13
 Periodic GC: Disabled
Heap:
 garbage-first heap   total 265216K, used 177103K [0x0000000080000000, 0x0000000100000000)
  region size 1024K, 31 young (31744K), 12 survivors (12288K)
 Metaspace       used 140039K, committed 142464K, reserved 1179648K
  class space    used 19108K, committed 20288K, reserved 1048576K
GC Heap History (20 events):
Event: 11.484 GC heap before
{Heap before GC invocations=48 (full 0):
 garbage-first heap   total 204800K, used 191831K [0x0000000080000000, 0x0000000100000000)
  region size 1024K, 62 young (63488K), 4 survivors (4096K)
 Metaspace       used 120534K, committed 122752K, reserved 1179648K
  class space    used 16920K, committed 17984K, reserved 1048576K
}
Event: 11.489 GC heap after
{Heap after GC invocations=49 (full 0):
 garbage-first heap   total 207872K, used 135469K [0x0000000080000000, 0x0000000100000000)
  region size 1024K, 8 young (8192K), 8 survivors (8192K)
 Metaspace       used 120534K, committed 122752K, reserved 1179648K
  class space    used 16920K, committed 17984K, reserved 1048576K
}
Event: 12.061 GC heap before
{Heap before GC invocations=49 (full 0):
 garbage-first heap   total 207872K, used 184621K [0x0000000080000000, 0x0000000100000000)
  region size 1024K, 57 young (58368K), 8 survivors (8192K)
 Metaspace       used 124392K, committed 126592K, reserved 1179648K
  class space    used 17388K, committed 18432K, reserved 1048576K
}
Event: 12.066 GC heap after
{Heap after GC invocations=50 (full 0):
 garbage-first heap   total 207872K, used 145738K [0x0000000080000000, 0x0000000100000000)
  region size 1024K, 8 young (8192K), 8 survivors (8192K)
 Metaspace       used 124392K, committed 126592K, reserved 1179648K
  class space    used 17388K, committed 18432K, reserved 1048576K
}
Event: 12.484 GC heap before
{Heap before GC invocations=51 (full 0):
 garbage-first heap   total 244736K, used 243018K [0x0000000080000000, 0x0000000100000000)
  region size 1024K, 45 young (46080K), 8 survivors (8192K)
 Metaspace       used 126926K, committed 129216K, reserved 1179648K
  class space    used 17641K, committed 18752K, reserved 1048576K
}
Event: 12.489 GC heap after
{Heap after GC invocations=52 (full 0):
 garbage-first heap   total 258048K, used 150606K [0x0000000080000000, 0x0000000100000000)
  region size 1024K, 5 young (5120K), 5 survivors (5120K)
 Metaspace       used 126926K, committed 129216K, reserved 1179648K
  class space    used 17641K, committed 18752K, reserved 1048576K
}
Event: 12.815 GC heap before
{Heap before GC invocations=52 (full 0):
 garbage-first heap   total 258048K, used 216142K [0x0000000080000000, 0x0000000100000000)
  region size 1024K, 70 young (71680K), 5 survivors (5120K)
 Metaspace       used 127806K, committed 130112K, reserved 1179648K
  class space    used 17741K, committed 18880K, reserved 1048576K
}
Event: 12.820 GC heap after
{Heap after GC invocations=53 (full 0):
 garbage-first heap   total 258048K, used 153353K [0x0000000080000000, 0x0000000100000000)
  region size 1024K, 9 young (9216K), 9 survivors (9216K)
 Metaspace       used 127806K, committed 130112K, reserved 1179648K
  class space    used 17741K, committed 18880K, reserved 1048576K
}
Event: 13.398 GC heap before
{Heap before GC invocations=53 (full 0):
 garbage-first heap   total 258048K, used 224009K [0x0000000080000000, 0x0000000100000000)
  region size 1024K, 79 young (80896K), 9 survivors (9216K)
 Metaspace       used 129349K, committed 131712K, reserved 1179648K
  class space    used 17922K, committed 19072K, reserved 1048576K
}
Event: 13.402 GC heap after
{Heap after GC invocations=54 (full 0):
 garbage-first heap   total 258048K, used 157228K [0x0000000080000000, 0x0000000100000000)
  region size 1024K, 9 young (9216K), 9 survivors (9216K)
 Metaspace       used 129349K, committed 131712K, reserved 1179648K
  class space    used 17922K, committed 19072K, reserved 1048576K
}
Event: 13.654 GC heap before
{Heap before GC invocations=54 (full 0):
 garbage-first heap   total 258048K, used 227884K [0x0000000080000000, 0x0000000100000000)
  region size 1024K, 79 young (80896K), 9 survivors (9216K)
 Metaspace       used 130296K, committed 132608K, reserved 1179648K
  class space    used 18018K, committed 19136K, reserved 1048576K
}
Event: 13.659 GC heap after
{Heap after GC invocations=55 (full 0):
 garbage-first heap   total 258048K, used 162267K [0x0000000080000000, 0x0000000100000000)
  region size 1024K, 8 young (8192K), 8 survivors (8192K)
 Metaspace       used 130296K, committed 132608K, reserved 1179648K
  class space    used 18018K, committed 19136K, reserved 1048576K
}
Event: 15.290 GC heap before
{Heap before GC invocations=55 (full 0):
 garbage-first heap   total 258048K, used 228827K [0x0000000080000000, 0x0000000100000000)
  region size 1024K, 74 young (75776K), 8 survivors (8192K)
 Metaspace       used 131047K, committed 133376K, reserved 1179648K
  class space    used 18110K, committed 19264K, reserved 1048576K
}
Event: 15.294 GC heap after
{Heap after GC invocations=56 (full 0):
 garbage-first heap   total 258048K, used 164137K [0x0000000080000000, 0x0000000100000000)
  region size 1024K, 5 young (5120K), 5 survivors (5120K)
 Metaspace       used 131047K, committed 133376K, reserved 1179648K
  class space    used 18110K, committed 19264K, reserved 1048576K
}
Event: 15.543 GC heap before
{Heap before GC invocations=57 (full 0):
 garbage-first heap   total 265216K, used 228649K [0x0000000080000000, 0x0000000100000000)
  region size 1024K, 73 young (74752K), 5 survivors (5120K)
 Metaspace       used 133895K, committed 136320K, reserved 1179648K
  class space    used 18301K, committed 19456K, reserved 1048576K
}
Event: 15.547 GC heap after
{Heap after GC invocations=58 (full 0):
 garbage-first heap   total 265216K, used 160183K [0x0000000080000000, 0x0000000100000000)
  region size 1024K, 7 young (7168K), 7 survivors (7168K)
 Metaspace       used 133895K, committed 136320K, reserved 1179648K
  class space    used 18301K, committed 19456K, reserved 1048576K
}
Event: 64.152 GC heap before
{Heap before GC invocations=58 (full 0):
 garbage-first heap   total 265216K, used 238007K [0x0000000080000000, 0x0000000100000000)
  region size 1024K, 84 young (86016K), 7 survivors (7168K)
 Metaspace       used 138398K, committed 140864K, reserved 1179648K
  class space    used 18943K, committed 20160K, reserved 1048576K
}
Event: 64.161 GC heap after
{Heap after GC invocations=59 (full 0):
 garbage-first heap   total 265216K, used 150627K [0x0000000080000000, 0x0000000100000000)
  region size 1024K, 7 young (7168K), 7 survivors (7168K)
 Metaspace       used 138398K, committed 140864K, reserved 1179648K
  class space    used 18943K, committed 20160K, reserved 1048576K
}
Event: 64.852 GC heap before
{Heap before GC invocations=59 (full 0):
 garbage-first heap   total 265216K, used 239715K [0x0000000080000000, 0x0000000100000000)
  region size 1024K, 95 young (97280K), 7 survivors (7168K)
 Metaspace       used 138958K, committed 141440K, reserved 1179648K
  class space    used 18947K, committed 20160K, reserved 1048576K
}
Event: 64.858 GC heap after
{Heap after GC invocations=60 (full 0):
 garbage-first heap   total 265216K, used 159695K [0x0000000080000000, 0x0000000100000000)
  region size 1024K, 12 young (12288K), 12 survivors (12288K)
 Metaspace       used 138958K, committed 141440K, reserved 1179648K
  class space    used 18947K, committed 20160K, reserved 1048576K
}

